\BOOKMARK [0][-]{chapter.1}{The Standard Model and its extensions}{}% 1
\BOOKMARK [0][-]{chapter.2}{The CMS experiment at LHC}{}% 2
\BOOKMARK [0][-]{chapter.3}{Events reconstruction in CMS}{}% 3
\BOOKMARK [0][-]{chapter.4}{Analysis}{}% 4
\BOOKMARK [1][-]{section.4.1}{Preliminary considerations}{chapter.4}% 5
\BOOKMARK [2][-]{subsection.4.1.1}{Previous results}{section.4.1}% 6
\BOOKMARK [2][-]{subsection.4.1.2}{Production of \040leptons at LHC}{section.4.1}% 7
\BOOKMARK [2][-]{subsection.4.1.3}{Signal acceptance at generator level}{section.4.1}% 8
\BOOKMARK [1][-]{section.4.2}{Data and MonteCarlo samples}{chapter.4}% 9
\BOOKMARK [2][-]{subsection.4.2.1}{Datasets}{section.4.2}% 10
\BOOKMARK [2][-]{subsection.4.2.2}{MonteCarlo samples}{section.4.2}% 11
\BOOKMARK [2][-]{subsection.4.2.3}{Pile-up Reweighting}{section.4.2}% 12
\BOOKMARK [1][-]{section.4.3}{Search strategy}{chapter.4}% 13
\BOOKMARK [1][-]{section.4.4}{Event selection}{chapter.4}% 14
\BOOKMARK [1][-]{section.4.5}{Signal Normalization}{chapter.4}% 15
\BOOKMARK [2][-]{subsection.4.5.1}{Events triggered by DoubleMu L1 seeds}{section.4.5}% 16
\BOOKMARK [2][-]{subsection.4.5.2}{B/D ratio}{section.4.5}% 17
\BOOKMARK [2][-]{subsection.4.5.3}{Events triggered exclusivly by the TripleMu L1 seed}{section.4.5}% 18
\BOOKMARK [2][-]{subsection.4.5.4}{MC validation}{section.4.5}% 19
\BOOKMARK [1][-]{section.4.6}{Multivariate Analysis \(MVA\)}{chapter.4}% 20
\BOOKMARK [2][-]{subsection.4.6.1}{Introduction to MVA: why to use it?}{section.4.6}% 21
\BOOKMARK [2][-]{subsection.4.6.2}{Boosted Decision Tree \(BDT\)}{section.4.6}% 22
\BOOKMARK [2][-]{subsection.4.6.3}{Training, variable ranking, performance }{section.4.6}% 23
\BOOKMARK [1][-]{section.4.7}{Evaluation of systematics}{chapter.4}% 24
\BOOKMARK [1][-]{section.4.8}{Results}{chapter.4}% 25
\BOOKMARK [0][-]{chapter*.51}{Bibliography}{}% 26
